<?xml version="1.0" encoding="UTF-8"?>
<testsuite xmlns:xsi="http://www.w3.org/2001/XMLSchema-instance" xsi:noNamespaceSchemaLocation="https://maven.apache.org/surefire/maven-surefire-plugin/xsd/surefire-test-report.xsd" name="com.examples.rest.restful_webservices.AppTest" time="0" tests="1" errors="0" skipped="0" failures="0">
  <properties>
    <property name="awt.toolkit" value="sun.awt.X11.XToolkit"/>
    <property name="file.encoding.pkg" value="sun.io"/>
    <property name="java.specification.version" value="1.8"/>
    <property name="sun.cpu.isalist" value=""/>
    <property name="sun.jnu.encoding" value="UTF-8"/>
    <property name="java.class.path" value="/home/delia/eclipse-workspace/restful-webservices/target/test-classes:/home/delia/eclipse-workspace/restful-webservices/target/classes:/home/delia/.m2/repository/org/springframework/boot/spring-boot-starter-data-jpa/2.0.0.M6/spring-boot-starter-data-jpa-2.0.0.M6.jar:/home/delia/.m2/repository/org/springframework/boot/spring-boot-starter/2.0.0.M6/spring-boot-starter-2.0.0.M6.jar:/home/delia/.m2/repository/org/springframework/boot/spring-boot-starter-logging/2.0.0.M6/spring-boot-starter-logging-2.0.0.M6.jar:/home/delia/.m2/repository/ch/qos/logback/logback-classic/1.2.3/logback-classic-1.2.3.jar:/home/delia/.m2/repository/ch/qos/logback/logback-core/1.2.3/logback-core-1.2.3.jar:/home/delia/.m2/repository/org/apache/logging/log4j/log4j-to-slf4j/2.9.1/log4j-to-slf4j-2.9.1.jar:/home/delia/.m2/repository/org/apache/logging/log4j/log4j-api/2.9.1/log4j-api-2.9.1.jar:/home/delia/.m2/repository/org/slf4j/jul-to-slf4j/1.7.25/jul-to-slf4j-1.7.25.jar:/home/delia/.m2/repository/org/slf4j/log4j-over-slf4j/1.7.25/log4j-over-slf4j-1.7.25.jar:/home/delia/.m2/repository/javax/annotation/javax.annotation-api/1.3.1/javax.annotation-api-1.3.1.jar:/home/delia/.m2/repository/org/yaml/snakeyaml/1.19/snakeyaml-1.19.jar:/home/delia/.m2/repository/org/springframework/boot/spring-boot-starter-aop/2.0.0.M6/spring-boot-starter-aop-2.0.0.M6.jar:/home/delia/.m2/repository/org/springframework/spring-aop/5.0.1.RELEASE/spring-aop-5.0.1.RELEASE.jar:/home/delia/.m2/repository/org/aspectj/aspectjweaver/1.8.12/aspectjweaver-1.8.12.jar:/home/delia/.m2/repository/org/springframework/boot/spring-boot-starter-jdbc/2.0.0.M6/spring-boot-starter-jdbc-2.0.0.M6.jar:/home/delia/.m2/repository/com/zaxxer/HikariCP/2.7.2/HikariCP-2.7.2.jar:/home/delia/.m2/repository/org/springframework/spring-jdbc/5.0.1.RELEASE/spring-jdbc-5.0.1.RELEASE.jar:/home/delia/.m2/repository/org/hibernate/hibernate-core/5.2.12.Final/hibernate-core-5.2.12.Final.jar:/home/delia/.m2/repository/org/jboss/logging/jboss-logging/3.3.1.Final/jboss-logging-3.3.1.Final.jar:/home/delia/.m2/repository/org/hibernate/javax/persistence/hibernate-jpa-2.1-api/1.0.0.Final/hibernate-jpa-2.1-api-1.0.0.Final.jar:/home/delia/.m2/repository/org/javassist/javassist/3.22.0-CR2/javassist-3.22.0-CR2.jar:/home/delia/.m2/repository/antlr/antlr/2.7.7/antlr-2.7.7.jar:/home/delia/.m2/repository/org/jboss/jandex/2.0.3.Final/jandex-2.0.3.Final.jar:/home/delia/.m2/repository/com/fasterxml/classmate/1.3.4/classmate-1.3.4.jar:/home/delia/.m2/repository/dom4j/dom4j/1.6.1/dom4j-1.6.1.jar:/home/delia/.m2/repository/org/hibernate/common/hibernate-commons-annotations/5.0.1.Final/hibernate-commons-annotations-5.0.1.Final.jar:/home/delia/.m2/repository/javax/transaction/javax.transaction-api/1.2/javax.transaction-api-1.2.jar:/home/delia/.m2/repository/org/springframework/data/spring-data-jpa/2.0.1.RELEASE/spring-data-jpa-2.0.1.RELEASE.jar:/home/delia/.m2/repository/org/springframework/data/spring-data-commons/2.0.1.RELEASE/spring-data-commons-2.0.1.RELEASE.jar:/home/delia/.m2/repository/org/springframework/spring-orm/5.0.1.RELEASE/spring-orm-5.0.1.RELEASE.jar:/home/delia/.m2/repository/org/springframework/spring-context/5.0.1.RELEASE/spring-context-5.0.1.RELEASE.jar:/home/delia/.m2/repository/org/springframework/spring-tx/5.0.1.RELEASE/spring-tx-5.0.1.RELEASE.jar:/home/delia/.m2/repository/org/springframework/spring-beans/5.0.1.RELEASE/spring-beans-5.0.1.RELEASE.jar:/home/delia/.m2/repository/org/springframework/spring-aspects/5.0.1.RELEASE/spring-aspects-5.0.1.RELEASE.jar:/home/delia/.m2/repository/org/springframework/boot/spring-boot-starter-web/2.0.0.M6/spring-boot-starter-web-2.0.0.M6.jar:/home/delia/.m2/repository/org/springframework/boot/spring-boot-starter-json/2.0.0.M6/spring-boot-starter-json-2.0.0.M6.jar:/home/delia/.m2/repository/com/fasterxml/jackson/core/jackson-databind/2.9.2/jackson-databind-2.9.2.jar:/home/delia/.m2/repository/com/fasterxml/jackson/core/jackson-core/2.9.2/jackson-core-2.9.2.jar:/home/delia/.m2/repository/com/fasterxml/jackson/datatype/jackson-datatype-jdk8/2.9.2/jackson-datatype-jdk8-2.9.2.jar:/home/delia/.m2/repository/com/fasterxml/jackson/datatype/jackson-datatype-jsr310/2.9.2/jackson-datatype-jsr310-2.9.2.jar:/home/delia/.m2/repository/com/fasterxml/jackson/module/jackson-module-parameter-names/2.9.2/jackson-module-parameter-names-2.9.2.jar:/home/delia/.m2/repository/com/fasterxml/jackson/module/jackson-module-kotlin/2.9.2/jackson-module-kotlin-2.9.2.jar:/home/delia/.m2/repository/org/springframework/boot/spring-boot-starter-tomcat/2.0.0.M6/spring-boot-starter-tomcat-2.0.0.M6.jar:/home/delia/.m2/repository/org/apache/tomcat/embed/tomcat-embed-core/8.5.23/tomcat-embed-core-8.5.23.jar:/home/delia/.m2/repository/org/apache/tomcat/tomcat-annotations-api/8.5.23/tomcat-annotations-api-8.5.23.jar:/home/delia/.m2/repository/org/apache/tomcat/embed/tomcat-embed-el/8.5.23/tomcat-embed-el-8.5.23.jar:/home/delia/.m2/repository/org/apache/tomcat/embed/tomcat-embed-websocket/8.5.23/tomcat-embed-websocket-8.5.23.jar:/home/delia/.m2/repository/org/hibernate/validator/hibernate-validator/6.0.4.Final/hibernate-validator-6.0.4.Final.jar:/home/delia/.m2/repository/javax/validation/validation-api/2.0.0.Final/validation-api-2.0.0.Final.jar:/home/delia/.m2/repository/org/springframework/spring-web/5.0.1.RELEASE/spring-web-5.0.1.RELEASE.jar:/home/delia/.m2/repository/org/springframework/spring-webmvc/5.0.1.RELEASE/spring-webmvc-5.0.1.RELEASE.jar:/home/delia/.m2/repository/org/springframework/spring-expression/5.0.1.RELEASE/spring-expression-5.0.1.RELEASE.jar:/home/delia/.m2/repository/org/springframework/boot/spring-boot-starter-hateoas/2.0.0.M6/spring-boot-starter-hateoas-2.0.0.M6.jar:/home/delia/.m2/repository/org/springframework/hateoas/spring-hateoas/0.24.0.RELEASE/spring-hateoas-0.24.0.RELEASE.jar:/home/delia/.m2/repository/org/springframework/plugin/spring-plugin-core/1.2.0.RELEASE/spring-plugin-core-1.2.0.RELEASE.jar:/home/delia/.m2/repository/org/springframework/boot/spring-boot-starter-actuator/2.0.0.M6/spring-boot-starter-actuator-2.0.0.M6.jar:/home/delia/.m2/repository/org/springframework/boot/spring-boot-actuator-autoconfigure/2.0.0.M6/spring-boot-actuator-autoconfigure-2.0.0.M6.jar:/home/delia/.m2/repository/org/springframework/boot/spring-boot-actuator/2.0.0.M6/spring-boot-actuator-2.0.0.M6.jar:/home/delia/.m2/repository/io/micrometer/micrometer-core/1.0.0-rc.3/micrometer-core-1.0.0-rc.3.jar:/home/delia/.m2/repository/org/hdrhistogram/HdrHistogram/2.1.10/HdrHistogram-2.1.10.jar:/home/delia/.m2/repository/org/latencyutils/LatencyUtils/2.0.3/LatencyUtils-2.0.3.jar:/home/delia/.m2/repository/org/springframework/data/spring-data-rest-hal-browser/3.0.1.RELEASE/spring-data-rest-hal-browser-3.0.1.RELEASE.jar:/home/delia/.m2/repository/org/springframework/data/spring-data-rest-webmvc/3.0.1.RELEASE/spring-data-rest-webmvc-3.0.1.RELEASE.jar:/home/delia/.m2/repository/org/springframework/data/spring-data-rest-core/3.0.1.RELEASE/spring-data-rest-core-3.0.1.RELEASE.jar:/home/delia/.m2/repository/org/atteo/evo-inflector/1.2.2/evo-inflector-1.2.2.jar:/home/delia/.m2/repository/com/fasterxml/jackson/core/jackson-annotations/2.9.0/jackson-annotations-2.9.0.jar:/home/delia/.m2/repository/org/slf4j/slf4j-api/1.7.25/slf4j-api-1.7.25.jar:/home/delia/.m2/repository/org/springframework/boot/spring-boot-devtools/2.0.0.M6/spring-boot-devtools-2.0.0.M6.jar:/home/delia/.m2/repository/org/springframework/boot/spring-boot/2.0.0.M6/spring-boot-2.0.0.M6.jar:/home/delia/.m2/repository/org/springframework/boot/spring-boot-autoconfigure/2.0.0.M6/spring-boot-autoconfigure-2.0.0.M6.jar:/home/delia/.m2/repository/com/h2database/h2/1.4.196/h2-1.4.196.jar:/home/delia/.m2/repository/org/springframework/boot/spring-boot-starter-test/2.0.0.M6/spring-boot-starter-test-2.0.0.M6.jar:/home/delia/.m2/repository/org/springframework/boot/spring-boot-test/2.0.0.M6/spring-boot-test-2.0.0.M6.jar:/home/delia/.m2/repository/org/springframework/boot/spring-boot-test-autoconfigure/2.0.0.M6/spring-boot-test-autoconfigure-2.0.0.M6.jar:/home/delia/.m2/repository/com/jayway/jsonpath/json-path/2.4.0/json-path-2.4.0.jar:/home/delia/.m2/repository/net/minidev/json-smart/2.3/json-smart-2.3.jar:/home/delia/.m2/repository/net/minidev/accessors-smart/1.2/accessors-smart-1.2.jar:/home/delia/.m2/repository/org/ow2/asm/asm/5.0.4/asm-5.0.4.jar:/home/delia/.m2/repository/junit/junit/4.12/junit-4.12.jar:/home/delia/.m2/repository/org/assertj/assertj-core/3.8.0/assertj-core-3.8.0.jar:/home/delia/.m2/repository/org/mockito/mockito-core/2.11.0/mockito-core-2.11.0.jar:/home/delia/.m2/repository/net/bytebuddy/byte-buddy/1.7.8/byte-buddy-1.7.8.jar:/home/delia/.m2/repository/net/bytebuddy/byte-buddy-agent/1.7.8/byte-buddy-agent-1.7.8.jar:/home/delia/.m2/repository/org/objenesis/objenesis/2.6/objenesis-2.6.jar:/home/delia/.m2/repository/org/hamcrest/hamcrest-core/1.3/hamcrest-core-1.3.jar:/home/delia/.m2/repository/org/hamcrest/hamcrest-library/1.3/hamcrest-library-1.3.jar:/home/delia/.m2/repository/org/skyscreamer/jsonassert/1.5.0/jsonassert-1.5.0.jar:/home/delia/.m2/repository/com/vaadin/external/google/android-json/0.0.20131108.vaadin1/android-json-0.0.20131108.vaadin1.jar:/home/delia/.m2/repository/org/springframework/spring-core/5.0.1.RELEASE/spring-core-5.0.1.RELEASE.jar:/home/delia/.m2/repository/org/springframework/spring-jcl/5.0.1.RELEASE/spring-jcl-5.0.1.RELEASE.jar:/home/delia/.m2/repository/org/springframework/spring-test/5.0.1.RELEASE/spring-test-5.0.1.RELEASE.jar:/home/delia/.m2/repository/org/xmlunit/xmlunit-core/2.5.0/xmlunit-core-2.5.0.jar:"/>
    <property name="java.vm.vendor" value="Oracle Corporation"/>
    <property name="sun.arch.data.model" value="64"/>
    <property name="java.vendor.url" value="http://java.oracle.com/"/>
    <property name="user.timezone" value=""/>
    <property name="java.vm.specification.version" value="1.8"/>
    <property name="os.name" value="Linux"/>
    <property name="user.country" value="US"/>
    <property name="sun.java.launcher" value="SUN_STANDARD"/>
    <property name="sun.boot.library.path" value="/home/delia/Tools/jdk1.8.0_131/jre/lib/amd64"/>
    <property name="sun.java.command" value="/home/delia/eclipse-workspace/restful-webservices/target/surefire/surefirebooter2087754547996841972.jar /home/delia/eclipse-workspace/restful-webservices/target/surefire 2018-02-03T16-20-36_647-jvmRun1 surefire5690830688544819917tmp surefire_08557016235846205282tmp"/>
    <property name="surefire.test.class.path" value="/home/delia/eclipse-workspace/restful-webservices/target/test-classes:/home/delia/eclipse-workspace/restful-webservices/target/classes:/home/delia/.m2/repository/org/springframework/boot/spring-boot-starter-data-jpa/2.0.0.M6/spring-boot-starter-data-jpa-2.0.0.M6.jar:/home/delia/.m2/repository/org/springframework/boot/spring-boot-starter/2.0.0.M6/spring-boot-starter-2.0.0.M6.jar:/home/delia/.m2/repository/org/springframework/boot/spring-boot-starter-logging/2.0.0.M6/spring-boot-starter-logging-2.0.0.M6.jar:/home/delia/.m2/repository/ch/qos/logback/logback-classic/1.2.3/logback-classic-1.2.3.jar:/home/delia/.m2/repository/ch/qos/logback/logback-core/1.2.3/logback-core-1.2.3.jar:/home/delia/.m2/repository/org/apache/logging/log4j/log4j-to-slf4j/2.9.1/log4j-to-slf4j-2.9.1.jar:/home/delia/.m2/repository/org/apache/logging/log4j/log4j-api/2.9.1/log4j-api-2.9.1.jar:/home/delia/.m2/repository/org/slf4j/jul-to-slf4j/1.7.25/jul-to-slf4j-1.7.25.jar:/home/delia/.m2/repository/org/slf4j/log4j-over-slf4j/1.7.25/log4j-over-slf4j-1.7.25.jar:/home/delia/.m2/repository/javax/annotation/javax.annotation-api/1.3.1/javax.annotation-api-1.3.1.jar:/home/delia/.m2/repository/org/yaml/snakeyaml/1.19/snakeyaml-1.19.jar:/home/delia/.m2/repository/org/springframework/boot/spring-boot-starter-aop/2.0.0.M6/spring-boot-starter-aop-2.0.0.M6.jar:/home/delia/.m2/repository/org/springframework/spring-aop/5.0.1.RELEASE/spring-aop-5.0.1.RELEASE.jar:/home/delia/.m2/repository/org/aspectj/aspectjweaver/1.8.12/aspectjweaver-1.8.12.jar:/home/delia/.m2/repository/org/springframework/boot/spring-boot-starter-jdbc/2.0.0.M6/spring-boot-starter-jdbc-2.0.0.M6.jar:/home/delia/.m2/repository/com/zaxxer/HikariCP/2.7.2/HikariCP-2.7.2.jar:/home/delia/.m2/repository/org/springframework/spring-jdbc/5.0.1.RELEASE/spring-jdbc-5.0.1.RELEASE.jar:/home/delia/.m2/repository/org/hibernate/hibernate-core/5.2.12.Final/hibernate-core-5.2.12.Final.jar:/home/delia/.m2/repository/org/jboss/logging/jboss-logging/3.3.1.Final/jboss-logging-3.3.1.Final.jar:/home/delia/.m2/repository/org/hibernate/javax/persistence/hibernate-jpa-2.1-api/1.0.0.Final/hibernate-jpa-2.1-api-1.0.0.Final.jar:/home/delia/.m2/repository/org/javassist/javassist/3.22.0-CR2/javassist-3.22.0-CR2.jar:/home/delia/.m2/repository/antlr/antlr/2.7.7/antlr-2.7.7.jar:/home/delia/.m2/repository/org/jboss/jandex/2.0.3.Final/jandex-2.0.3.Final.jar:/home/delia/.m2/repository/com/fasterxml/classmate/1.3.4/classmate-1.3.4.jar:/home/delia/.m2/repository/dom4j/dom4j/1.6.1/dom4j-1.6.1.jar:/home/delia/.m2/repository/org/hibernate/common/hibernate-commons-annotations/5.0.1.Final/hibernate-commons-annotations-5.0.1.Final.jar:/home/delia/.m2/repository/javax/transaction/javax.transaction-api/1.2/javax.transaction-api-1.2.jar:/home/delia/.m2/repository/org/springframework/data/spring-data-jpa/2.0.1.RELEASE/spring-data-jpa-2.0.1.RELEASE.jar:/home/delia/.m2/repository/org/springframework/data/spring-data-commons/2.0.1.RELEASE/spring-data-commons-2.0.1.RELEASE.jar:/home/delia/.m2/repository/org/springframework/spring-orm/5.0.1.RELEASE/spring-orm-5.0.1.RELEASE.jar:/home/delia/.m2/repository/org/springframework/spring-context/5.0.1.RELEASE/spring-context-5.0.1.RELEASE.jar:/home/delia/.m2/repository/org/springframework/spring-tx/5.0.1.RELEASE/spring-tx-5.0.1.RELEASE.jar:/home/delia/.m2/repository/org/springframework/spring-beans/5.0.1.RELEASE/spring-beans-5.0.1.RELEASE.jar:/home/delia/.m2/repository/org/springframework/spring-aspects/5.0.1.RELEASE/spring-aspects-5.0.1.RELEASE.jar:/home/delia/.m2/repository/org/springframework/boot/spring-boot-starter-web/2.0.0.M6/spring-boot-starter-web-2.0.0.M6.jar:/home/delia/.m2/repository/org/springframework/boot/spring-boot-starter-json/2.0.0.M6/spring-boot-starter-json-2.0.0.M6.jar:/home/delia/.m2/repository/com/fasterxml/jackson/core/jackson-databind/2.9.2/jackson-databind-2.9.2.jar:/home/delia/.m2/repository/com/fasterxml/jackson/core/jackson-core/2.9.2/jackson-core-2.9.2.jar:/home/delia/.m2/repository/com/fasterxml/jackson/datatype/jackson-datatype-jdk8/2.9.2/jackson-datatype-jdk8-2.9.2.jar:/home/delia/.m2/repository/com/fasterxml/jackson/datatype/jackson-datatype-jsr310/2.9.2/jackson-datatype-jsr310-2.9.2.jar:/home/delia/.m2/repository/com/fasterxml/jackson/module/jackson-module-parameter-names/2.9.2/jackson-module-parameter-names-2.9.2.jar:/home/delia/.m2/repository/com/fasterxml/jackson/module/jackson-module-kotlin/2.9.2/jackson-module-kotlin-2.9.2.jar:/home/delia/.m2/repository/org/springframework/boot/spring-boot-starter-tomcat/2.0.0.M6/spring-boot-starter-tomcat-2.0.0.M6.jar:/home/delia/.m2/repository/org/apache/tomcat/embed/tomcat-embed-core/8.5.23/tomcat-embed-core-8.5.23.jar:/home/delia/.m2/repository/org/apache/tomcat/tomcat-annotations-api/8.5.23/tomcat-annotations-api-8.5.23.jar:/home/delia/.m2/repository/org/apache/tomcat/embed/tomcat-embed-el/8.5.23/tomcat-embed-el-8.5.23.jar:/home/delia/.m2/repository/org/apache/tomcat/embed/tomcat-embed-websocket/8.5.23/tomcat-embed-websocket-8.5.23.jar:/home/delia/.m2/repository/org/hibernate/validator/hibernate-validator/6.0.4.Final/hibernate-validator-6.0.4.Final.jar:/home/delia/.m2/repository/javax/validation/validation-api/2.0.0.Final/validation-api-2.0.0.Final.jar:/home/delia/.m2/repository/org/springframework/spring-web/5.0.1.RELEASE/spring-web-5.0.1.RELEASE.jar:/home/delia/.m2/repository/org/springframework/spring-webmvc/5.0.1.RELEASE/spring-webmvc-5.0.1.RELEASE.jar:/home/delia/.m2/repository/org/springframework/spring-expression/5.0.1.RELEASE/spring-expression-5.0.1.RELEASE.jar:/home/delia/.m2/repository/org/springframework/boot/spring-boot-starter-hateoas/2.0.0.M6/spring-boot-starter-hateoas-2.0.0.M6.jar:/home/delia/.m2/repository/org/springframework/hateoas/spring-hateoas/0.24.0.RELEASE/spring-hateoas-0.24.0.RELEASE.jar:/home/delia/.m2/repository/org/springframework/plugin/spring-plugin-core/1.2.0.RELEASE/spring-plugin-core-1.2.0.RELEASE.jar:/home/delia/.m2/repository/org/springframework/boot/spring-boot-starter-actuator/2.0.0.M6/spring-boot-starter-actuator-2.0.0.M6.jar:/home/delia/.m2/repository/org/springframework/boot/spring-boot-actuator-autoconfigure/2.0.0.M6/spring-boot-actuator-autoconfigure-2.0.0.M6.jar:/home/delia/.m2/repository/org/springframework/boot/spring-boot-actuator/2.0.0.M6/spring-boot-actuator-2.0.0.M6.jar:/home/delia/.m2/repository/io/micrometer/micrometer-core/1.0.0-rc.3/micrometer-core-1.0.0-rc.3.jar:/home/delia/.m2/repository/org/hdrhistogram/HdrHistogram/2.1.10/HdrHistogram-2.1.10.jar:/home/delia/.m2/repository/org/latencyutils/LatencyUtils/2.0.3/LatencyUtils-2.0.3.jar:/home/delia/.m2/repository/org/springframework/data/spring-data-rest-hal-browser/3.0.1.RELEASE/spring-data-rest-hal-browser-3.0.1.RELEASE.jar:/home/delia/.m2/repository/org/springframework/data/spring-data-rest-webmvc/3.0.1.RELEASE/spring-data-rest-webmvc-3.0.1.RELEASE.jar:/home/delia/.m2/repository/org/springframework/data/spring-data-rest-core/3.0.1.RELEASE/spring-data-rest-core-3.0.1.RELEASE.jar:/home/delia/.m2/repository/org/atteo/evo-inflector/1.2.2/evo-inflector-1.2.2.jar:/home/delia/.m2/repository/com/fasterxml/jackson/core/jackson-annotations/2.9.0/jackson-annotations-2.9.0.jar:/home/delia/.m2/repository/org/slf4j/slf4j-api/1.7.25/slf4j-api-1.7.25.jar:/home/delia/.m2/repository/org/springframework/boot/spring-boot-devtools/2.0.0.M6/spring-boot-devtools-2.0.0.M6.jar:/home/delia/.m2/repository/org/springframework/boot/spring-boot/2.0.0.M6/spring-boot-2.0.0.M6.jar:/home/delia/.m2/repository/org/springframework/boot/spring-boot-autoconfigure/2.0.0.M6/spring-boot-autoconfigure-2.0.0.M6.jar:/home/delia/.m2/repository/com/h2database/h2/1.4.196/h2-1.4.196.jar:/home/delia/.m2/repository/org/springframework/boot/spring-boot-starter-test/2.0.0.M6/spring-boot-starter-test-2.0.0.M6.jar:/home/delia/.m2/repository/org/springframework/boot/spring-boot-test/2.0.0.M6/spring-boot-test-2.0.0.M6.jar:/home/delia/.m2/repository/org/springframework/boot/spring-boot-test-autoconfigure/2.0.0.M6/spring-boot-test-autoconfigure-2.0.0.M6.jar:/home/delia/.m2/repository/com/jayway/jsonpath/json-path/2.4.0/json-path-2.4.0.jar:/home/delia/.m2/repository/net/minidev/json-smart/2.3/json-smart-2.3.jar:/home/delia/.m2/repository/net/minidev/accessors-smart/1.2/accessors-smart-1.2.jar:/home/delia/.m2/repository/org/ow2/asm/asm/5.0.4/asm-5.0.4.jar:/home/delia/.m2/repository/junit/junit/4.12/junit-4.12.jar:/home/delia/.m2/repository/org/assertj/assertj-core/3.8.0/assertj-core-3.8.0.jar:/home/delia/.m2/repository/org/mockito/mockito-core/2.11.0/mockito-core-2.11.0.jar:/home/delia/.m2/repository/net/bytebuddy/byte-buddy/1.7.8/byte-buddy-1.7.8.jar:/home/delia/.m2/repository/net/bytebuddy/byte-buddy-agent/1.7.8/byte-buddy-agent-1.7.8.jar:/home/delia/.m2/repository/org/objenesis/objenesis/2.6/objenesis-2.6.jar:/home/delia/.m2/repository/org/hamcrest/hamcrest-core/1.3/hamcrest-core-1.3.jar:/home/delia/.m2/repository/org/hamcrest/hamcrest-library/1.3/hamcrest-library-1.3.jar:/home/delia/.m2/repository/org/skyscreamer/jsonassert/1.5.0/jsonassert-1.5.0.jar:/home/delia/.m2/repository/com/vaadin/external/google/android-json/0.0.20131108.vaadin1/android-json-0.0.20131108.vaadin1.jar:/home/delia/.m2/repository/org/springframework/spring-core/5.0.1.RELEASE/spring-core-5.0.1.RELEASE.jar:/home/delia/.m2/repository/org/springframework/spring-jcl/5.0.1.RELEASE/spring-jcl-5.0.1.RELEASE.jar:/home/delia/.m2/repository/org/springframework/spring-test/5.0.1.RELEASE/spring-test-5.0.1.RELEASE.jar:/home/delia/.m2/repository/org/xmlunit/xmlunit-core/2.5.0/xmlunit-core-2.5.0.jar:"/>
    <property name="sun.cpu.endian" value="little"/>
    <property name="user.home" value="/home/delia"/>
    <property name="user.language" value="en"/>
    <property name="java.specification.vendor" value="Oracle Corporation"/>
    <property name="java.home" value="/home/delia/Tools/jdk1.8.0_131/jre"/>
    <property name="basedir" value="/home/delia/eclipse-workspace/restful-webservices"/>
    <property name="file.separator" value="/"/>
    <property name="line.separator" value="&#10;"/>
    <property name="java.vm.specification.vendor" value="Oracle Corporation"/>
    <property name="java.specification.name" value="Java Platform API Specification"/>
    <property name="java.awt.graphicsenv" value="sun.awt.X11GraphicsEnvironment"/>
    <property name="surefire.real.class.path" value="/home/delia/eclipse-workspace/restful-webservices/target/surefire/surefirebooter2087754547996841972.jar"/>
    <property name="sun.boot.class.path" value="/home/delia/Tools/jdk1.8.0_131/jre/lib/resources.jar:/home/delia/Tools/jdk1.8.0_131/jre/lib/rt.jar:/home/delia/Tools/jdk1.8.0_131/jre/lib/sunrsasign.jar:/home/delia/Tools/jdk1.8.0_131/jre/lib/jsse.jar:/home/delia/Tools/jdk1.8.0_131/jre/lib/jce.jar:/home/delia/Tools/jdk1.8.0_131/jre/lib/charsets.jar:/home/delia/Tools/jdk1.8.0_131/jre/lib/jfr.jar:/home/delia/Tools/jdk1.8.0_131/jre/classes"/>
    <property name="sun.management.compiler" value="HotSpot 64-Bit Tiered Compilers"/>
    <property name="java.runtime.version" value="1.8.0_131-b11"/>
    <property name="user.name" value="delia"/>
    <property name="path.separator" value=":"/>
    <property name="os.version" value="4.2.0-42-generic"/>
    <property name="java.endorsed.dirs" value="/home/delia/Tools/jdk1.8.0_131/jre/lib/endorsed"/>
    <property name="java.runtime.name" value="Java(TM) SE Runtime Environment"/>
    <property name="file.encoding" value="UTF-8"/>
    <property name="java.vm.name" value="Java HotSpot(TM) 64-Bit Server VM"/>
    <property name="localRepository" value="/home/delia/.m2/repository"/>
    <property name="java.vendor.url.bug" value="http://bugreport.sun.com/bugreport/"/>
    <property name="java.io.tmpdir" value="/tmp"/>
    <property name="java.version" value="1.8.0_131"/>
    <property name="user.dir" value="/home/delia/eclipse-workspace/restful-webservices"/>
    <property name="os.arch" value="amd64"/>
    <property name="java.vm.specification.name" value="Java Virtual Machine Specification"/>
    <property name="java.awt.printerjob" value="sun.print.PSPrinterJob"/>
    <property name="sun.os.patch.level" value="unknown"/>
    <property name="java.library.path" value="/usr/java/packages/lib/amd64:/usr/lib64:/lib64:/lib:/usr/lib"/>
    <property name="java.vm.info" value="mixed mode"/>
    <property name="java.vendor" value="Oracle Corporation"/>
    <property name="java.vm.version" value="25.131-b11"/>
    <property name="java.ext.dirs" value="/home/delia/Tools/jdk1.8.0_131/jre/lib/ext:/usr/java/packages/lib/ext"/>
    <property name="sun.io.unicode.encoding" value="UnicodeLittle"/>
    <property name="java.class.version" value="52.0"/>
  </properties>
  <testcase name="testApp" classname="com.examples.rest.restful_webservices.AppTest" time="0"/>
</testsuite>